---
title: 获取字段分组个数
comments: true
date: 2017-05-06 15:30:57
tags:  [数据库]
categories: [技术分享]
---


> 现场应用有一个需求，是获取字段分组个数。这里简单介绍2种实现方法。

表中的数据如下：
```
TEST=# select * from tab1;
 COL
-----
  10
  20
  10
  20
  10
(5 rows)

```

方法1
------------
先用`group by`进行分组，可以看到有2组
```
TEST=# select  count(*) from tab1 group by col;
 COUNT
-------
     2
     3
(2 rows)
```

在这个基础上来获取记录条数，这里用到了子查询。
```
TEST=# select count(*) from (select  count(*) from tab1 group by col);
 COUNT
-------
     2
(1 row)
```

结果就是有两个分组。


方法2
-------
先用`distinct`来去重复，再`count`计算去重后的条数。
```
TEST=#  select count(distinct(col)) from tab1 ;
 COUNT
-------
     2
(1 row)
```

性能对比
--------

```
TEST=# explain analyze select count(*) from (select  count(*) from tab1 group by col);
                                                       QUERY PLAN
------------------------------------------------------------------------------------------------------------------------
 Aggregate  (cost=3080.65..3080.66 rows=1 width=0) (actual time=173.733..173.733 rows=1 loops=1)
   ->  HashAggregate  (cost=3080.60..3080.62 rows=2 width=4) (actual time=173.723..173.726 rows=2 loops=1)
         ->  Seq Scan on TAB1  (cost=0.00..2261.40 rows=163840 width=4) (actual time=0.015..54.264 rows=163840 loops=1)
 Total runtime: 173.841 ms
(4 rows)

TEST=# explain analyze  select count(distinct(col)) from tab1 ;
                                                    QUERY PLAN
------------------------------------------------------------------------------------------------------------------
 Aggregate  (cost=2671.00..2671.01 rows=1 width=4) (actual time=189.389..189.389 rows=1 loops=1)
   ->  Seq Scan on TAB1  (cost=0.00..2261.40 rows=163840 width=4) (actual time=0.021..54.395 rows=163840 loops=1)
 Total runtime: 189.468 ms
(3 rows)
```

可见第一种方法性能更好，区别主要是第一种方法用的HashAggregate  start time 比较小。但是区别不是很明显。



如果还想看到更多此类文章，请移步到[小宇的博客](http://shenyu.wiki)。
